#
# A fatal error has been detected by the Java Runtime Environment:
#
#  EXCEPTION_ACCESS_VIOLATION (0xc0000005) at pc=0x000000006877a0a5, pid=1436, tid=0x0000000000001aa0
#
# JRE version: Java(TM) SE Runtime Environment (8.0_101-b13) (build 1.8.0_101-b13)
# Java VM: Java HotSpot(TM) 64-Bit Server VM (25.101-b13 mixed mode windows-amd64 compressed oops)
# Problematic frame:
# V  [jvm.dll+0x12a0a5]
#
# Failed to write core dump. Minidumps are not enabled by default on client versions of Windows
#
# If you would like to submit a bug report, please visit:
#   http://bugreport.java.com/bugreport/crash.jsp
#

---------------  T H R E A D  ---------------

Current thread (0x00000000176f7800):  JavaThread "JDWP Transport Listener: dt_socket" daemon [_thread_in_vm, id=6816, stack(0x0000000019080000,0x0000000019180000)]

siginfo: ExceptionCode=0xc0000005, reading address 0xffffffffffffffff

Registers:
RAX=0x000000001917f401, RBX=0x00000000176f7800, RCX=0x616d69636544676e, RDX=0x0000000000000000
RSP=0x000000001917f410, RBP=0x616d69636544676e, RSI=0x000000001917f528, RDI=0x0000000000e79100
R8 =0x00000000176f7800, R9 =0x0000000000008000, R10=0x0000000000000000, R11=0x000000001917f6ae
R12=0x0000000000000000, R13=0x00000000177021d8, R14=0x0000000000000000, R15=0x0000000000000000
RIP=0x000000006877a0a5, EFLAGS=0x0000000000010202

Top of Stack: (sp=0x000000001917f410)
0x000000001917f410:   00000000176f7800 00000000176f7800
0x000000001917f420:   000000001917f4d8 0000000068982f0b
0x000000001917f430:   00000000176f7800 000000006899f76d
0x000000001917f440:   0000000000000000 0000000068559155
0x000000001917f450:   000000001a52c1c8 000000006856291e
0x000000001917f460:   00000000176f7800 0000000000000000
0x000000001917f470:   0000000000000000 0000000000000000
0x000000001917f480:   616d69636544676e 0000000068561a15
0x000000001917f490:   000000001917f528 000000001917f500
0x000000001917f4a0:   0000000000000001 000000001a52c1c8
0x000000001917f4b0:   616d69636544676e 00000000685453b3
0x000000001917f4c0:   000000001917f5f0 0000000000000001
0x000000001917f4d0:   0000000000000001 000000001a52c1c8
0x000000001917f4e0:   0000000000000001 0000000000000000
0x000000001917f4f0:   0000000000000000 0000000000000000
0x000000001917f500:   0000000000000001 0000000068545571 

Instructions: (pc=0x000000006877a0a5)
0x000000006877a085:   cc cc cc cc cc cc cc cc cc cc cc 48 83 ec 28 48
0x000000006877a095:   85 c9 75 07 33 c0 48 83 c4 28 c3 48 89 5c 24 20
0x000000006877a0a5:   48 8b 19 48 85 db 74 20 48 83 fb 37 74 1a 48 8b
0x000000006877a0b5:   13 48 8b cb ff 52 10 84 c0 74 0d 48 8b c3 48 8b 


Register to memory mapping:

RAX=0x000000001917f401 is pointing into the stack for thread: 0x00000000176f7800
RBX=0x00000000176f7800 is a thread
RCX=0x616d69636544676e is an unknown value
RDX=0x0000000000000000 is an unknown value
RSP=0x000000001917f410 is pointing into the stack for thread: 0x00000000176f7800
RBP=0x616d69636544676e is an unknown value
RSI=0x000000001917f528 is pointing into the stack for thread: 0x00000000176f7800
RDI=0x0000000000e79100 is an unknown value
R8 =0x00000000176f7800 is a thread
R9 =0x0000000000008000 is an unknown value
R10=0x0000000000000000 is an unknown value
R11=0x000000001917f6ae is pointing into the stack for thread: 0x00000000176f7800
R12=0x0000000000000000 is an unknown value
R13=0x00000000177021d8 is an unknown value
R14=0x0000000000000000 is an unknown value
R15=0x0000000000000000 is an unknown value


Stack: [0x0000000019080000,0x0000000019180000],  sp=0x000000001917f410,  free space=1021k
Native frames: (J=compiled Java code, j=interpreted, Vv=VM code, C=native code)
V  [jvm.dll+0x12a0a5]
V  [jvm.dll+0x34f76d]
C  [jdwp.dll+0x21a15]
C  [jdwp.dll+0x53b3]
C  [jdwp.dll+0x5571]
C  [jdwp.dll+0xf0a8]
C  [jdwp.dll+0x1f2d5]
C  [jdwp.dll+0x1f4aa]
V  [jvm.dll+0x1bd258]
V  [jvm.dll+0x2451a4]
V  [jvm.dll+0x29c18a]
C  [msvcr100.dll+0x21d9f]
C  [msvcr100.dll+0x21e3b]
C  [KERNEL32.DLL+0x8364]
C  [ntdll.dll+0x670d1]


---------------  P R O C E S S  ---------------

Java Threads: ( => current thread )
  0x00000000196e5000 JavaThread "Abandoned connection cleanup thread" daemon [_thread_blocked, id=10880, stack(0x0000000021150000,0x0000000021250000)]
  0x000000001a3b3800 JavaThread "Prism Font Disposer" daemon [_thread_blocked, id=4460, stack(0x000000001d040000,0x000000001d140000)]
  0x000000001a046000 JavaThread "JavaFX-Launcher" [_thread_blocked, id=3236, stack(0x000000001c650000,0x000000001c750000)]
  0x000000001a045000 JavaThread "Thread-2" daemon [_thread_in_native, id=9756, stack(0x000000001c550000,0x000000001c650000)]
  0x0000000019a60000 JavaThread "JavaFX Application Thread" [_thread_blocked, id=5544, stack(0x000000001a8b0000,0x000000001a9b0000)]
  0x0000000019a5c000 JavaThread "Thread-1" daemon [_thread_blocked, id=8812, stack(0x000000001a7b0000,0x000000001a8b0000)]
  0x0000000019a23000 JavaThread "QuantumRenderer-0" daemon [_thread_blocked, id=8364, stack(0x0000000019c80000,0x0000000019d80000)]
  0x00000000196cc800 JavaThread "Service Thread" daemon [_thread_blocked, id=8264, stack(0x0000000019a80000,0x0000000019b80000)]
  0x0000000017722800 JavaThread "C1 CompilerThread2" daemon [_thread_blocked, id=9776, stack(0x0000000019580000,0x0000000019680000)]
  0x0000000017721800 JavaThread "C2 CompilerThread1" daemon [_thread_blocked, id=3116, stack(0x0000000019480000,0x0000000019580000)]
  0x0000000017714800 JavaThread "C2 CompilerThread0" daemon [_thread_blocked, id=1048, stack(0x0000000019380000,0x0000000019480000)]
  0x0000000017712000 JavaThread "JDWP Command Reader" daemon [_thread_in_native, id=8276, stack(0x0000000019280000,0x0000000019380000)]
  0x0000000017707800 JavaThread "JDWP Event Helper Thread" daemon [_thread_blocked, id=10824, stack(0x0000000019180000,0x0000000019280000)]
=>0x00000000176f7800 JavaThread "JDWP Transport Listener: dt_socket" daemon [_thread_in_vm, id=6816, stack(0x0000000019080000,0x0000000019180000)]
  0x00000000176eb800 JavaThread "Attach Listener" daemon [_thread_blocked, id=9316, stack(0x0000000018c40000,0x0000000018d40000)]
  0x00000000176ea000 JavaThread "Signal Dispatcher" daemon [_thread_blocked, id=10564, stack(0x0000000018b40000,0x0000000018c40000)]
  0x0000000002c6b000 JavaThread "Finalizer" daemon [_thread_blocked, id=4908, stack(0x0000000018940000,0x0000000018a40000)]
  0x0000000002c60000 JavaThread "Reference Handler" daemon [_thread_blocked, id=1108, stack(0x0000000018840000,0x0000000018940000)]
  0x0000000000e7d800 JavaThread "main" [_thread_blocked, id=9852, stack(0x0000000002a70000,0x0000000002b70000)]

Other Threads:
  0x00000000176b7000 VMThread [stack: 0x0000000018740000,0x0000000018840000] [id=10232]
  0x00000000196f4000 WatcherThread [stack: 0x0000000019b80000,0x0000000019c80000] [id=11136]

VM state:not at safepoint (normal execution)

VM Mutex/Monitor currently owned by a thread: None

Heap:
 PSYoungGen      total 37888K, used 20269K [0x00000000d6400000, 0x00000000d8e00000, 0x0000000100000000)
  eden space 32768K, 48% used [0x00000000d6400000,0x00000000d7377708,0x00000000d8400000)
  from space 5120K, 86% used [0x00000000d8400000,0x00000000d8854030,0x00000000d8900000)
  to   space 5120K, 0% used [0x00000000d8900000,0x00000000d8900000,0x00000000d8e00000)
 ParOldGen       total 86016K, used 80K [0x0000000082c00000, 0x0000000088000000, 0x00000000d6400000)
  object space 86016K, 0% used [0x0000000082c00000,0x0000000082c14010,0x0000000088000000)
 Metaspace       used 20205K, capacity 21102K, committed 21248K, reserved 1067008K
  class space    used 2870K, capacity 3043K, committed 3072K, reserved 1048576K

Card table byte_map: [0x0000000012030000,0x0000000012420000] byte_map_base: 0x0000000011c1a000

Marking Bits: (ParMarkBitMap*) 0x0000000068e6a6d0
 Begin Bits: [0x0000000012ac0000, 0x0000000014a10000)
 End Bits:   [0x0000000014a10000, 0x0000000016960000)

Polling page: 0x0000000000e80000

CodeCache: size=245760Kb used=5999Kb max_used=6056Kb free=239760Kb
 bounds [0x0000000002c70000, 0x0000000003260000, 0x0000000011c70000]
 total_blobs=2590 nmethods=1865 adapters=644
 compilation: enabled

Compilation events (10 events):
Event: 256.094 Thread 0x0000000017722800 1887       3       java.util.ArrayList$Itr::<init> (26 bytes)
Event: 256.094 Thread 0x0000000017722800 nmethod 1887 0x0000000003257390 code [0x0000000003257500, 0x00000000032576d0]
Event: 256.094 Thread 0x0000000017722800 1888       3       java.util.HashMap::<init> (98 bytes)
Event: 256.096 Thread 0x0000000017722800 nmethod 1888 0x0000000003257790 code [0x0000000003257a40, 0x0000000003258d78]
Event: 291.848 Thread 0x0000000017721800 1889       4       com.sun.javafx.tk.quantum.QuantumToolkit::postPulse (148 bytes)
Event: 291.855 Thread 0x0000000017721800 nmethod 1889 0x000000000325c6d0 code [0x000000000325c840, 0x000000000325cb88]
Event: 291.928 Thread 0x0000000017714800 1890       4       com.sun.javafx.tk.quantum.QuantumToolkit$$Lambda$43/1091251015::run (8 bytes)
Event: 291.936 Thread 0x0000000017714800 nmethod 1890 0x0000000002da0d10 code [0x0000000002da0ea0, 0x0000000002da12d8]
Event: 294.097 Thread 0x0000000017721800 1891       4       java.lang.ref.ReferenceQueue::reallyPoll (66 bytes)
Event: 294.100 Thread 0x0000000017721800 nmethod 1891 0x0000000002d6f190 code [0x0000000002d6f2c0, 0x0000000002d6f3f8]

GC Heap History (2 events):
Event: 4.860 GC heap before
{Heap before GC invocations=1 (full 0):
 PSYoungGen      total 37888K, used 32768K [0x00000000d6400000, 0x00000000d8e00000, 0x0000000100000000)
  eden space 32768K, 100% used [0x00000000d6400000,0x00000000d8400000,0x00000000d8400000)
  from space 5120K, 0% used [0x00000000d8900000,0x00000000d8900000,0x00000000d8e00000)
  to   space 5120K, 0% used [0x00000000d8400000,0x00000000d8400000,0x00000000d8900000)
 ParOldGen       total 86016K, used 0K [0x0000000082c00000, 0x0000000088000000, 0x00000000d6400000)
  object space 86016K, 0% used [0x0000000082c00000,0x0000000082c00000,0x0000000088000000)
 Metaspace       used 15842K, capacity 16716K, committed 16896K, reserved 1062912K
  class space    used 2363K, capacity 2549K, committed 2560K, reserved 1048576K
Event: 4.879 GC heap after
Heap after GC invocations=1 (full 0):
 PSYoungGen      total 37888K, used 4432K [0x00000000d6400000, 0x00000000d8e00000, 0x0000000100000000)
  eden space 32768K, 0% used [0x00000000d6400000,0x00000000d6400000,0x00000000d8400000)
  from space 5120K, 86% used [0x00000000d8400000,0x00000000d8854030,0x00000000d8900000)
  to   space 5120K, 0% used [0x00000000d8900000,0x00000000d8900000,0x00000000d8e00000)
 ParOldGen       total 86016K, used 80K [0x0000000082c00000, 0x0000000088000000, 0x00000000d6400000)
  object space 86016K, 0% used [0x0000000082c00000,0x0000000082c14010,0x0000000088000000)
 Metaspace       used 15842K, capacity 16716K, committed 16896K, reserved 1062912K
  class space    used 2363K, capacity 2549K, committed 2560K, reserved 1048576K
}

Deoptimization events (10 events):
Event: 1.910 Thread 0x0000000019a60000 Uncommon trap: reason=class_check action=maybe_recompile pc=0x0000000002ec5d5c method=java.io.DataInputStream.readShort()S @ 4
Event: 1.928 Thread 0x0000000019a60000 Uncommon trap: reason=class_check action=maybe_recompile pc=0x0000000002d8ec58 method=java.lang.String.equals(Ljava/lang/Object;)Z @ 8
Event: 1.929 Thread 0x0000000019a60000 Uncommon trap: reason=class_check action=maybe_recompile pc=0x0000000002d8ec58 method=java.lang.String.equals(Ljava/lang/Object;)Z @ 8
Event: 1.929 Thread 0x0000000019a60000 Uncommon trap: reason=class_check action=maybe_recompile pc=0x0000000002d8ec58 method=java.lang.String.equals(Ljava/lang/Object;)Z @ 8
Event: 1.935 Thread 0x0000000019a60000 Uncommon trap: reason=class_check action=maybe_recompile pc=0x0000000002d8ec58 method=java.lang.String.equals(Ljava/lang/Object;)Z @ 8
Event: 3.766 Thread 0x0000000019a60000 Uncommon trap: reason=unstable_if action=reinterpret pc=0x0000000002f723a4 method=jdk.internal.org.objectweb.asm.Type.getArgumentsAndReturnSizes(Ljava/lang/String;)I @ 47
Event: 4.777 Thread 0x0000000019a60000 Uncommon trap: reason=unstable_if action=reinterpret pc=0x00000000030983fc method=java.lang.ClassLoader.checkName(Ljava/lang/String;)Z @ 20
Event: 4.890 Thread 0x0000000002c6b000 Uncommon trap: reason=unstable_if action=reinterpret pc=0x00000000030ba378 method=java.lang.ref.ReferenceQueue.poll()Ljava/lang/ref/Reference; @ 4
Event: 210.009 Thread 0x000000001a045000 Uncommon trap: reason=unstable_if action=reinterpret pc=0x00000000031d3100 method=com.sun.javafx.tk.quantum.QuantumToolkit.postPulse()V @ 17
Event: 210.013 Thread 0x0000000019a23000 Uncommon trap: reason=unstable_if action=reinterpret pc=0x00000000031d3b48 method=com.sun.javafx.tk.quantum.QuantumToolkit.postPulse()V @ 17

Internal exceptions (10 events):
Event: 0.671 Thread 0x0000000000e7d800 Exception <a 'java/security/PrivilegedActionException'> (0x00000000d6754b50) thrown at [C:\re\workspace\8-2-build-windows-amd64-cygwin\jdk8u101\7261\hotspot\src\share\vm\prims\jvm.cpp, line 1386]
Event: 0.672 Thread 0x0000000000e7d800 Exception <a 'java/lang/NullPointerException'> (0x00000000d6755128) thrown at [C:\re\workspace\8-2-build-windows-amd64-cygwin\jdk8u101\7261\hotspot\src\share\vm\interpreter\linkResolver.cpp, line 1178]
Event: 1.279 Thread 0x0000000019a60000 Exception <a 'java/lang/NullPointerException'> (0x00000000d70f2d98) thrown at [C:\re\workspace\8-2-build-windows-amd64-cygwin\jdk8u101\7261\hotspot\src\share\vm\interpreter\linkResolver.cpp, line 1178]
Event: 1.281 Thread 0x0000000019a60000 Exception <a 'java/lang/NullPointerException'> (0x00000000d70f2d98) thrown at [C:\re\workspace\8-2-build-windows-amd64-cygwin\jdk8u101\7261\hotspot\src\share\vm\prims\jvm.cpp, line 1390]
Event: 1.519 Thread 0x0000000019a60000 Exception <a 'java/lang/ArrayIndexOutOfBoundsException': 70> (0x00000000d74bcdc8) thrown at [C:\re\workspace\8-2-build-windows-amd64-cygwin\jdk8u101\7261\hotspot\src\share\vm\interpreter\interpreterRuntime.cpp, line 366]
Event: 1.524 Thread 0x0000000019a60000 Exception <a 'java/lang/ArrayIndexOutOfBoundsException': 18> (0x00000000d74bdc80) thrown at [C:\re\workspace\8-2-build-windows-amd64-cygwin\jdk8u101\7261\hotspot\src\share\vm\interpreter\interpreterRuntime.cpp, line 366]
Event: 1.526 Thread 0x0000000019a60000 Exception <a 'java/lang/ArrayIndexOutOfBoundsException': 86> (0x00000000d74bf028) thrown at [C:\re\workspace\8-2-build-windows-amd64-cygwin\jdk8u101\7261\hotspot\src\share\vm\interpreter\interpreterRuntime.cpp, line 366]
Event: 1.531 Thread 0x0000000019a60000 Exception <a 'java/lang/ArrayIndexOutOfBoundsException'> (0x00000000d74c2998) thrown at [C:\re\workspace\8-2-build-windows-amd64-cygwin\jdk8u101\7261\hotspot\src\share\vm\runtime\sharedRuntime.cpp, line 605]
Event: 1.690 Thread 0x0000000019a60000 Implicit null exception at 0x0000000002ee7ab4 to 0x0000000002ee7cfd
Event: 4.719 Thread 0x0000000019a60000 Exception <a 'java/lang/ArrayIndexOutOfBoundsException'> (0x00000000d827d0b8) thrown at [C:\re\workspace\8-2-build-windows-amd64-cygwin\jdk8u101\7261\hotspot\src\share\vm\runtime\sharedRuntime.cpp, line 605]

Events (10 events):
Event: 314.632 Executing VM operation: ChangeSingleStep
Event: 314.632 Executing VM operation: ChangeSingleStep done
Event: 314.633 Executing VM operation: ChangeSingleStep
Event: 314.633 Executing VM operation: ChangeSingleStep done
Event: 314.645 Executing VM operation: GetOrSetLocal
Event: 314.645 Executing VM operation: GetOrSetLocal done
Event: 371.372 Executing VM operation: RevokeBias
Event: 371.372 Executing VM operation: RevokeBias done
Event: 371.404 Executing VM operation: RedefineClasses
Event: 371.426 Executing VM operation: RedefineClasses done


Dynamic libraries:
0x00007ff7f19b0000 - 0x00007ff7f19e7000 	C:\Program Files\Java\jre1.8.0_101\bin\javaw.exe
0x00007ff9187b0000 - 0x00007ff918981000 	C:\WINDOWS\SYSTEM32\ntdll.dll
0x00007ff9165b0000 - 0x00007ff91665b000 	C:\WINDOWS\System32\KERNEL32.DLL
0x00007ff914da0000 - 0x00007ff914fbd000 	C:\WINDOWS\System32\KERNELBASE.dll
0x00007ff916cc0000 - 0x00007ff916d62000 	C:\WINDOWS\System32\ADVAPI32.dll
0x00007ff915d40000 - 0x00007ff915dde000 	C:\WINDOWS\System32\msvcrt.dll
0x00007ff916700000 - 0x00007ff916759000 	C:\WINDOWS\System32\sechost.dll
0x00007ff915de0000 - 0x00007ff915f01000 	C:\WINDOWS\System32\RPCRT4.dll
0x00007ff916770000 - 0x00007ff9168d5000 	C:\WINDOWS\System32\USER32.dll
0x00007ff915c10000 - 0x00007ff915c2e000 	C:\WINDOWS\System32\win32u.dll
0x00007ff9166b0000 - 0x00007ff9166e4000 	C:\WINDOWS\System32\GDI32.dll
0x00007ff915240000 - 0x00007ff9153c2000 	C:\WINDOWS\System32\gdi32full.dll
0x00007ff90b1d0000 - 0x00007ff90b44a000 	C:\WINDOWS\WinSxS\amd64_microsoft.windows.common-controls_6595b64144ccf1df_6.0.14393.953_none_42151e83c686086b\COMCTL32.dll
0x00007ff9169f0000 - 0x00007ff916cb8000 	C:\WINDOWS\System32\combase.dll
0x00007ff914ca0000 - 0x00007ff914d95000 	C:\WINDOWS\System32\ucrtbase.dll
0x00007ff915c30000 - 0x00007ff915c9a000 	C:\WINDOWS\System32\bcryptPrimitives.dll
0x00007ff916660000 - 0x00007ff91668e000 	C:\WINDOWS\System32\IMM32.DLL
0x0000000068ef0000 - 0x0000000068fc2000 	C:\Program Files\Java\jre1.8.0_101\bin\msvcr100.dll
0x0000000068650000 - 0x0000000068eea000 	C:\Program Files\Java\jre1.8.0_101\bin\server\jvm.dll
0x00007ff915f10000 - 0x00007ff915f18000 	C:\WINDOWS\System32\PSAPI.DLL
0x00007ff905ec0000 - 0x00007ff905ec9000 	C:\WINDOWS\SYSTEM32\WSOCK32.dll
0x00007ff9168e0000 - 0x00007ff91694a000 	C:\WINDOWS\System32\WS2_32.dll
0x00007ff912a20000 - 0x00007ff912a43000 	C:\WINDOWS\SYSTEM32\WINMM.dll
0x00007ff908570000 - 0x00007ff90857a000 	C:\WINDOWS\SYSTEM32\VERSION.dll
0x00007ff9129f0000 - 0x00007ff912a1b000 	C:\WINDOWS\SYSTEM32\WINMMBASE.dll
0x00007ff915bc0000 - 0x00007ff915c02000 	C:\WINDOWS\System32\cfgmgr32.dll
0x0000000068640000 - 0x000000006864f000 	C:\Program Files\Java\jre1.8.0_101\bin\verify.dll
0x0000000068610000 - 0x0000000068639000 	C:\Program Files\Java\jre1.8.0_101\bin\java.dll
0x0000000068540000 - 0x0000000068575000 	C:\Program Files\Java\jre1.8.0_101\bin\jdwp.dll
0x0000000068530000 - 0x0000000068538000 	C:\Program Files\Java\jre1.8.0_101\bin\npt.dll
0x00000000685f0000 - 0x0000000068606000 	C:\Program Files\Java\jre1.8.0_101\bin\zip.dll
0x00007ff9170a0000 - 0x00007ff9185a8000 	C:\WINDOWS\System32\SHELL32.dll
0x00007ff9154e0000 - 0x00007ff915bba000 	C:\WINDOWS\System32\windows.storage.dll
0x00007ff914c50000 - 0x00007ff914c9c000 	C:\WINDOWS\System32\powrprof.dll
0x00007ff916d70000 - 0x00007ff916dc2000 	C:\WINDOWS\System32\shlwapi.dll
0x00007ff914c40000 - 0x00007ff914c4f000 	C:\WINDOWS\System32\kernel.appcore.dll
0x00007ff915190000 - 0x00007ff915239000 	C:\WINDOWS\System32\shcore.dll
0x00007ff914c20000 - 0x00007ff914c34000 	C:\WINDOWS\System32\profapi.dll
0x0000000068520000 - 0x0000000068529000 	C:\Program Files\Java\jre1.8.0_101\bin\dt_socket.dll
0x00007ff906ae0000 - 0x00007ff906af6000 	C:\WINDOWS\system32\napinsp.dll
0x00007ff906a40000 - 0x00007ff906a5a000 	C:\WINDOWS\system32\pnrpnsp.dll
0x00007ff9115b0000 - 0x00007ff9115c8000 	C:\WINDOWS\system32\NLAapi.dll
0x00007ff9144e0000 - 0x00007ff91453c000 	C:\WINDOWS\System32\mswsock.dll
0x00007ff9142a0000 - 0x00007ff914341000 	C:\WINDOWS\SYSTEM32\DNSAPI.dll
0x00007ff916760000 - 0x00007ff916768000 	C:\WINDOWS\System32\NSI.dll
0x00007ff914260000 - 0x00007ff914298000 	C:\WINDOWS\SYSTEM32\IPHLPAPI.DLL
0x00007ff906a10000 - 0x00007ff906a1e000 	C:\WINDOWS\System32\winrnr.dll
0x00007ff90e2c0000 - 0x00007ff90e32a000 	C:\WINDOWS\System32\fwpuclnt.dll
0x00007ff914b50000 - 0x00007ff914b7b000 	C:\WINDOWS\SYSTEM32\bcrypt.dll
0x00007ff90c860000 - 0x00007ff90c86a000 	C:\Windows\System32\rasadhlp.dll
0x00007ff9034e0000 - 0x00007ff9035cf000 	C:\Program Files\Java\jre1.8.0_101\bin\msvcr120.dll
0x00007ff8fc1b0000 - 0x00007ff8fc256000 	C:\Program Files\Java\jre1.8.0_101\bin\msvcp120.dll
0x00000000684f0000 - 0x0000000068512000 	C:\Program Files\Java\jre1.8.0_101\bin\prism_d3d.dll
0x00007ff8dfac0000 - 0x00007ff8dfc4d000 	C:\WINDOWS\system32\d3d9.dll
0x00007ff912870000 - 0x00007ff912896000 	C:\WINDOWS\SYSTEM32\dwmapi.dll
0x00007ff9133f0000 - 0x00007ff913485000 	C:\WINDOWS\system32\uxtheme.dll
0x00007ff8c91b0000 - 0x00007ff8c9c1e000 	C:\WINDOWS\SYSTEM32\igdumdim64.dll
0x00007ff90ea60000 - 0x00007ff90eec4000 	C:\WINDOWS\SYSTEM32\igdusc64.dll
0x0000000068460000 - 0x00000000684a3000 	C:\Program Files\Java\jre1.8.0_101\bin\glass.dll
0x00007ff916f30000 - 0x00007ff91702a000 	C:\WINDOWS\System32\COMDLG32.dll
0x00007ff918610000 - 0x00007ff918747000 	C:\WINDOWS\System32\ole32.dll
0x00007ff915f20000 - 0x00007ff915fdf000 	C:\WINDOWS\System32\OLEAUT32.dll
0x00007ff915ca0000 - 0x00007ff915d3c000 	C:\WINDOWS\System32\msvcp_win.dll
0x00007ff916dd0000 - 0x00007ff916f2a000 	C:\WINDOWS\System32\MSCTF.dll
0x00000000684d0000 - 0x00000000684e4000 	C:\Program Files\Java\jre1.8.0_101\bin\javafx_font.dll
0x00007ff90c5e0000 - 0x00007ff90c849000 	C:\WINDOWS\SYSTEM32\dwrite.dll
0x00007ff916950000 - 0x00007ff9169ef000 	C:\WINDOWS\System32\clbcatq.dll
0x00007ff912670000 - 0x00007ff912818000 	C:\WINDOWS\SYSTEM32\WindowsCodecs.dll
0x00007ff8ff3d0000 - 0x00007ff8ff419000 	C:\WINDOWS\system32\dataexchange.dll
0x00007ff911ed0000 - 0x00007ff912186000 	C:\WINDOWS\system32\d3d11.dll
0x00007ff912c90000 - 0x00007ff912de1000 	C:\WINDOWS\system32\dcomp.dll
0x00007ff913b90000 - 0x00007ff913c2f000 	C:\WINDOWS\system32\dxgi.dll
0x00007ff913590000 - 0x00007ff9136ac000 	C:\WINDOWS\system32\twinapi.appcore.dll
0x00007ff904590000 - 0x00007ff9045c2000 	C:\Program Files\Common Files\Microsoft Shared\Ink\rtscom.dll
0x0000000068440000 - 0x0000000068451000 	C:\Program Files\Java\jre1.8.0_101\bin\prism_common.dll
0x00000000685d0000 - 0x00000000685ea000 	C:\Program Files\Java\jre1.8.0_101\bin\net.dll
0x00007ff90b8e0000 - 0x00007ff90ba72000 	C:\WINDOWS\SYSTEM32\dbghelp.dll

VM Arguments:
jvm_args: -agentlib:jdwp=transport=dt_socket,suspend=y,address=localhost:58886 -Dfile.encoding=Cp1252 
java_command: application.Main
java_class_path (initial): C:\Users\beto_\workspace\ProjetoLpll\bin;E:\eclipse\plugins\org.eclipse.fx.ide.css.jfx8_2.4.0.201605112122.jar;C:\Users\beto_\workspace\ProjetoLpll\src\Lib\mysql-connector-java-5.1.38.jar;C:\Users\beto_\workspace\ProjetoLpll\src\Lib\controlsfx-8.40.12.jar
Launcher Type: SUN_STANDARD

Environment Variables:
JAVA_HOME=C:\Program Files\Java\jdk1.8.0_101
PATH=C:\VMSet\lib\vmset;C:\VMSet\lib\delphi7;C:\ProgramData\Oracle\Java\javapath;C:\WINDOWS\system32;C:\WINDOWS;C:\WINDOWS\System32\Wbem;C:\WINDOWS\System32\WindowsPowerShell\v1.0\;C:\Program Files\Java\jdk1.8.0_101\bin:;C:\Program Files (x86)\Skype\Phone\;C:\Users\beto_\AppData\Local\Microsoft\WindowsApps;
USERNAME=beto_
OS=Windows_NT
PROCESSOR_IDENTIFIER=Intel64 Family 6 Model 58 Stepping 9, GenuineIntel



---------------  S Y S T E M  ---------------

OS: Windows 10.0 , 64 bit Build 14393 (10.0.14393.0)

CPU:total 4 (2 cores per cpu, 2 threads per core) family 6 model 58 stepping 9, cmov, cx8, fxsr, mmx, sse, sse2, sse3, ssse3, sse4.1, sse4.2, popcnt, avx, aes, clmul, erms, ht, tsc, tscinvbit, tscinv

Memory: 4k page, physical 8202600k(3148224k free), swap 11086184k(4176040k free)

vm_info: Java HotSpot(TM) 64-Bit Server VM (25.101-b13) for windows-amd64 JRE (1.8.0_101-b13), built on Jun 22 2016 01:21:29 by "java_re" with MS VC++ 10.0 (VS2010)

time: Tue May 09 19:54:14 2017
elapsed time: 371 seconds (0d 0h 6m 11s)

